<?xml version="1.0" encoding="UTF-8"?>
<testng-results ignored="2" total="4" passed="2" failed="0" skipped="0">
  <reporter-output>
  </reporter-output>
  <suite started-at="2022-05-26T07:25:16 IST" name="KUACSQA212P_013_Final_CW" finished-at="2022-05-26T07:26:55 IST" duration-ms="98673">
    <groups>
    </groups>
    <test started-at="2022-05-26T07:25:16 IST" name="KEISUKE_WEB_AUTOMATION" finished-at="2022-05-26T07:26:55 IST" duration-ms="98673">
      <class name="com.rwpkeisuke.testCases.TC_DashboardTesting_003">
        <test-method signature="DashboardTesting()[pri:0, instance:com.rwpkeisuke.testCases.TC_DashboardTesting_003@4b0b0854]" started-at="2022-05-26T07:25:27 IST" name="DashboardTesting" finished-at="2022-05-26T07:26:55 IST" duration-ms="87805" status="PASS">
          <reporter-output>
          </reporter-output>
        </test-method> <!-- DashboardTesting -->
      </class> <!-- com.rwpkeisuke.testCases.TC_DashboardTesting_003 -->
      <class name="com.rwpkeisuke.testCases.TC_LoginTest_001">
        <test-method is-config="true" signature="setup(java.lang.String)[pri:0, instance:com.rwpkeisuke.testCases.TC_LoginTest_001@2e4b8173]" started-at="2022-05-26T07:25:16 IST" name="setup" finished-at="2022-05-26T07:25:18 IST" duration-ms="2292" status="PASS">
          <params>
            <param index="0">
              <value>
                <![CDATA[chrome]]>
              </value>
            </param>
          </params>
          <reporter-output>
          </reporter-output>
        </test-method> <!-- setup -->
        <test-method signature="loginTest()[pri:0, instance:com.rwpkeisuke.testCases.TC_LoginTest_001@2e4b8173]" started-at="2022-05-26T07:25:19 IST" name="loginTest" finished-at="2022-05-26T07:25:27 IST" duration-ms="8420" status="PASS">
          <reporter-output>
          </reporter-output>
        </test-method> <!-- loginTest -->
        <test-method is-config="true" signature="tearDown()[pri:0, instance:com.rwpkeisuke.testCases.TC_LoginTest_001@2e4b8173]" started-at="2022-05-26T07:26:55 IST" name="tearDown" finished-at="2022-05-26T07:26:55 IST" duration-ms="1" status="PASS">
          <reporter-output>
          </reporter-output>
        </test-method> <!-- tearDown -->
      </class> <!-- com.rwpkeisuke.testCases.TC_LoginTest_001 -->
    </test> <!-- KEISUKE_WEB_AUTOMATION -->
  </suite> <!-- KUACSQA212P_013_Final_CW -->
</testng-results>
