<?xml version="1.0" encoding="UTF-8"?>
<testsuite xmlns:xsi="http://www.w3.org/2001/XMLSchema-instance" xsi:noNamespaceSchemaLocation="https://maven.apache.org/surefire/maven-surefire-plugin/xsd/surefire-test-report.xsd" name="TestSuite" time="99.499" tests="2" errors="0" skipped="0" failures="0">
  <properties>
[...]
</properties>
  <testcase name="loginTest" classname="com.rwpkeisuke.testCases.TC_LoginTest_001" time="8.428"/>
  <testcase name="DashboardTesting" classname="com.rwpkeisuke.testCases.TC_DashboardTesting_003" time="87.805"/>
</testsuite>