<?xml version="1.0" encoding="UTF-8"?>
<!-- Generated by org.testng.reporters.JUnitXMLReporter -->
<testsuite ignored="2" hostname="DESKTOP-14E9OCT" failures="0" tests="2" name="KEISUKE_WEB_AUTOMATION" time="98.673" errors="0" timestamp="2022-05-26T07:26:55 IST">
  <testcase classname="com.rwpkeisuke.testCases.TC_LoginTest_001" name="loginTest" time="8.42"/>
  <testcase classname="com.rwpkeisuke.testCases.TC_DashboardTesting_003" name="DashboardTesting" time="87.805"/>
  <testcase classname="com.rwpkeisuke.pageObjects.BaseClass" name="@AfterTest tearDown" time="0.0">
    <ignored/>
  </testcase> <!-- @AfterTest tearDown -->
  <testcase classname="com.rwpkeisuke.pageObjects.BaseClass" name="@BeforeTest setup" time="0.0">
    <ignored/>
  </testcase> <!-- @BeforeTest setup -->
</testsuite> <!-- KEISUKE_WEB_AUTOMATION -->
